<?xml version="1.0" encoding="UTF-8"?>
<!-- Generated by org.testng.reporters.JUnitReportReporter -->
<testsuite hostname="Babukongee" name="stepDefinition.APITest" tests="3" failures="0" timestamp="4 Jan 2021 14:46:52 GMT" time="7.026" errors="0">
  <testcase name="test2_put_dd" time="0.693" classname="stepDefinition.APITest"/>
  <testcase name="test2_put_dd" time="0.651" classname="stepDefinition.APITest"/>
  <testcase name="test2_put_dd" time="5.682" classname="stepDefinition.APITest"/>
</testsuite> <!-- stepDefinition.APITest -->
